2021-07-18 17:48:59.032  INFO   --- [main] io.fusion.water.order.OrderApplication   : Booting Order Service ..... ..
2021-07-18 17:49:00.062 ERROR 45156 --- [main] o.s.b.d.LoggingFailureAnalysisReporter   : 

***************************
APPLICATION FAILED TO START
***************************

Description:

An attempt was made to call a method that does not exist. The attempt was made from the following location:

    org.springframework.context.support.GenericApplicationContext.setApplicationStartup(GenericApplicationContext.java:165)

The following method did not exist:

    org.springframework.beans.factory.support.DefaultListableBeanFactory.setApplicationStartup(Lorg/springframework/core/metrics/ApplicationStartup;)V

The method's class, org.springframework.beans.factory.support.DefaultListableBeanFactory, is available from the following locations:

    jar:file:/Users/arafkarsh/.m2/repository/org/springframework/spring-beans/5.2.6.RELEASE/spring-beans-5.2.6.RELEASE.jar!/org/springframework/beans/factory/support/DefaultListableBeanFactory.class

The class hierarchy was loaded from the following locations:

    org.springframework.beans.factory.support.DefaultListableBeanFactory: file:/Users/arafkarsh/.m2/repository/org/springframework/spring-beans/5.2.6.RELEASE/spring-beans-5.2.6.RELEASE.jar
    org.springframework.beans.factory.support.AbstractAutowireCapableBeanFactory: file:/Users/arafkarsh/.m2/repository/org/springframework/spring-beans/5.2.6.RELEASE/spring-beans-5.2.6.RELEASE.jar
    org.springframework.beans.factory.support.AbstractBeanFactory: file:/Users/arafkarsh/.m2/repository/org/springframework/spring-beans/5.2.6.RELEASE/spring-beans-5.2.6.RELEASE.jar
    org.springframework.beans.factory.support.FactoryBeanRegistrySupport: file:/Users/arafkarsh/.m2/repository/org/springframework/spring-beans/5.2.6.RELEASE/spring-beans-5.2.6.RELEASE.jar
    org.springframework.beans.factory.support.DefaultSingletonBeanRegistry: file:/Users/arafkarsh/.m2/repository/org/springframework/spring-beans/5.2.6.RELEASE/spring-beans-5.2.6.RELEASE.jar
    org.springframework.core.SimpleAliasRegistry: file:/Users/arafkarsh/.m2/repository/org/springframework/spring-core/5.3.8/spring-core-5.3.8.jar


Action:

Correct the classpath of your application so that it contains a single, compatible version of org.springframework.beans.factory.support.DefaultListableBeanFactory

2021-07-18 17:50:22.244  INFO   --- [main] io.fusion.water.order.OrderApplication   : Booting Order Service ..... ..
2021-07-18 17:50:22.842 ERROR 45190 --- [main] o.s.b.d.LoggingFailureAnalysisReporter   : 

***************************
APPLICATION FAILED TO START
***************************

Description:

An attempt was made to call a method that does not exist. The attempt was made from the following location:

    org.springframework.context.support.GenericApplicationContext.setApplicationStartup(GenericApplicationContext.java:165)

The following method did not exist:

    org.springframework.beans.factory.support.DefaultListableBeanFactory.setApplicationStartup(Lorg/springframework/core/metrics/ApplicationStartup;)V

The method's class, org.springframework.beans.factory.support.DefaultListableBeanFactory, is available from the following locations:

    jar:file:/Users/arafkarsh/.m2/repository/org/springframework/spring-beans/5.2.6.RELEASE/spring-beans-5.2.6.RELEASE.jar!/org/springframework/beans/factory/support/DefaultListableBeanFactory.class

The class hierarchy was loaded from the following locations:

    org.springframework.beans.factory.support.DefaultListableBeanFactory: file:/Users/arafkarsh/.m2/repository/org/springframework/spring-beans/5.2.6.RELEASE/spring-beans-5.2.6.RELEASE.jar
    org.springframework.beans.factory.support.AbstractAutowireCapableBeanFactory: file:/Users/arafkarsh/.m2/repository/org/springframework/spring-beans/5.2.6.RELEASE/spring-beans-5.2.6.RELEASE.jar
    org.springframework.beans.factory.support.AbstractBeanFactory: file:/Users/arafkarsh/.m2/repository/org/springframework/spring-beans/5.2.6.RELEASE/spring-beans-5.2.6.RELEASE.jar
    org.springframework.beans.factory.support.FactoryBeanRegistrySupport: file:/Users/arafkarsh/.m2/repository/org/springframework/spring-beans/5.2.6.RELEASE/spring-beans-5.2.6.RELEASE.jar
    org.springframework.beans.factory.support.DefaultSingletonBeanRegistry: file:/Users/arafkarsh/.m2/repository/org/springframework/spring-beans/5.2.6.RELEASE/spring-beans-5.2.6.RELEASE.jar
    org.springframework.core.SimpleAliasRegistry: file:/Users/arafkarsh/.m2/repository/org/springframework/spring-core/5.3.8/spring-core-5.3.8.jar


Action:

Correct the classpath of your application so that it contains a single, compatible version of org.springframework.beans.factory.support.DefaultListableBeanFactory

2021-07-18 17:54:19.366  INFO   --- [main] io.fusion.water.order.OrderApplication   : Booting Order Service ..... ..
2021-07-18 17:54:20.064  INFO 45291 --- [main] io.fusion.water.order.OrderApplication   : Starting OrderApplication using Java 1.8.0_271 on ODC-M17 with PID 45291 (/Users/arafkarsh/Library/Mobile Documents/com~apple~CloudDocs/My_WorkSpace/Eclipse/ms-order-service/target/classes started by arafkarsh in /Users/arafkarsh/Library/Mobile Documents/com~apple~CloudDocs/My_WorkSpace/Eclipse/ms-order-service)
2021-07-18 17:54:20.064  INFO 45291 --- [main] io.fusion.water.order.OrderApplication   : No active profile set, falling back to default profiles: default
2021-07-18 17:54:20.777  INFO 45291 --- [main] .s.d.r.c.RepositoryConfigurationDelegate : Bootstrapping Spring Data MongoDB repositories in DEFAULT mode.
2021-07-18 17:54:20.791  INFO 45291 --- [main] .s.d.r.c.RepositoryConfigurationDelegate : Finished Spring Data repository scanning in 9 ms. Found 0 MongoDB repository interfaces.
2021-07-18 17:54:21.034  INFO 45291 --- [main] trationDelegate$BeanPostProcessorChecker : Bean 'org.springframework.ws.config.annotation.DelegatingWsConfiguration' of type [org.springframework.ws.config.annotation.DelegatingWsConfiguration$$EnhancerBySpringCGLIB$$b263cf0f] is not eligible for getting processed by all BeanPostProcessors (for example: not eligible for auto-proxying)
2021-07-18 17:54:21.101  INFO 45291 --- [main] .w.s.a.s.AnnotationActionEndpointMapping : Supporting [WS-Addressing August 2004, WS-Addressing 1.0]
2021-07-18 17:54:21.387  INFO 45291 --- [main] o.s.b.w.embedded.tomcat.TomcatWebServer  : Tomcat initialized with port(s): 8080 (http)
2021-07-18 17:54:21.399  INFO 45291 --- [main] o.apache.catalina.core.StandardService   : Starting service [Tomcat]
2021-07-18 17:54:21.399  INFO 45291 --- [main] org.apache.catalina.core.StandardEngine  : Starting Servlet engine: [Apache Tomcat/9.0.48]
2021-07-18 17:54:21.469  INFO 45291 --- [main] o.a.c.c.C.[Tomcat].[localhost].[/]       : Initializing Spring embedded WebApplicationContext
2021-07-18 17:54:21.469  INFO 45291 --- [main] w.s.c.ServletWebServerApplicationContext : Root WebApplicationContext: initialization completed in 1335 ms
2021-07-18 17:54:21.543  WARN 45291 --- [main] ConfigServletWebServerApplicationContext : Exception encountered during context initialization - cancelling refresh attempt: org.springframework.beans.factory.UnsatisfiedDependencyException: Error creating bean with name 'orderBusinessServiceImpl': Unsatisfied dependency expressed through field 'orderRepo'; nested exception is org.springframework.beans.factory.NoSuchBeanDefinitionException: No qualifying bean of type 'io.fusion.water.order.domainLayer.repository.OrderRepositoryService' available: expected at least 1 bean which qualifies as autowire candidate. Dependency annotations: {@org.springframework.beans.factory.annotation.Autowired(required=true)}
2021-07-18 17:54:21.546  INFO 45291 --- [main] o.apache.catalina.core.StandardService   : Stopping service [Tomcat]
2021-07-18 17:54:21.560  INFO 45291 --- [main] ConditionEvaluationReportLoggingListener : 

Error starting ApplicationContext. To display the conditions report re-run your application with 'debug' enabled.
2021-07-18 17:54:21.588 ERROR 45291 --- [main] o.s.b.d.LoggingFailureAnalysisReporter   : 

***************************
APPLICATION FAILED TO START
***************************

Description:

Field orderRepo in io.fusion.water.order.adapters.domainService.OrderBusinessServiceImpl required a bean of type 'io.fusion.water.order.domainLayer.repository.OrderRepositoryService' that could not be found.

The injection point has the following annotations:
	- @org.springframework.beans.factory.annotation.Autowired(required=true)


Action:

Consider defining a bean of type 'io.fusion.water.order.domainLayer.repository.OrderRepositoryService' in your configuration.

2021-07-18 17:58:59.542  INFO   --- [main] io.fusion.water.order.OrderApplication   : Booting Order Service ..... ..
2021-07-18 17:59:00.187  INFO 45401 --- [main] io.fusion.water.order.OrderApplication   : Starting OrderApplication using Java 1.8.0_271 on ODC-M17 with PID 45401 (/Users/arafkarsh/Library/Mobile Documents/com~apple~CloudDocs/My_WorkSpace/Eclipse/ms-order-service/target/classes started by arafkarsh in /Users/arafkarsh/Library/Mobile Documents/com~apple~CloudDocs/My_WorkSpace/Eclipse/ms-order-service)
2021-07-18 17:59:00.188  INFO 45401 --- [main] io.fusion.water.order.OrderApplication   : No active profile set, falling back to default profiles: default
2021-07-18 17:59:00.875  INFO 45401 --- [main] .s.d.r.c.RepositoryConfigurationDelegate : Bootstrapping Spring Data MongoDB repositories in DEFAULT mode.
2021-07-18 17:59:00.890  INFO 45401 --- [main] .s.d.r.c.RepositoryConfigurationDelegate : Finished Spring Data repository scanning in 10 ms. Found 0 MongoDB repository interfaces.
2021-07-18 17:59:01.132  INFO 45401 --- [main] trationDelegate$BeanPostProcessorChecker : Bean 'org.springframework.ws.config.annotation.DelegatingWsConfiguration' of type [org.springframework.ws.config.annotation.DelegatingWsConfiguration$$EnhancerBySpringCGLIB$$4103f18d] is not eligible for getting processed by all BeanPostProcessors (for example: not eligible for auto-proxying)
2021-07-18 17:59:01.177  INFO 45401 --- [main] .w.s.a.s.AnnotationActionEndpointMapping : Supporting [WS-Addressing August 2004, WS-Addressing 1.0]
2021-07-18 17:59:01.498  INFO 45401 --- [main] o.s.b.w.embedded.tomcat.TomcatWebServer  : Tomcat initialized with port(s): 8080 (http)
2021-07-18 17:59:01.510  INFO 45401 --- [main] o.apache.catalina.core.StandardService   : Starting service [Tomcat]
2021-07-18 17:59:01.510  INFO 45401 --- [main] org.apache.catalina.core.StandardEngine  : Starting Servlet engine: [Apache Tomcat/9.0.48]
2021-07-18 17:59:01.582  INFO 45401 --- [main] o.a.c.c.C.[Tomcat].[localhost].[/]       : Initializing Spring embedded WebApplicationContext
2021-07-18 17:59:01.583  INFO 45401 --- [main] w.s.c.ServletWebServerApplicationContext : Root WebApplicationContext: initialization completed in 1318 ms
2021-07-18 17:59:02.066  INFO 45401 --- [main] org.mongodb.driver.cluster               : Cluster created with settings {hosts=[localhost:27017], mode=SINGLE, requiredClusterType=UNKNOWN, serverSelectionTimeout='30000 ms'}
2021-07-18 17:59:02.131  INFO 45401 --- [cluster-ClusterId{value='60f41e8e3336a82f63edff5f', description='null'}-localhost:27017] org.mongodb.driver.cluster               : Exception in monitor thread while connecting to server localhost:27017

com.mongodb.MongoSocketOpenException: Exception opening socket
	at com.mongodb.internal.connection.SocketStream.open(SocketStream.java:70)
	at com.mongodb.internal.connection.InternalStreamConnection.open(InternalStreamConnection.java:143)
	at com.mongodb.internal.connection.DefaultServerMonitor$ServerMonitorRunnable.lookupServerDescription(DefaultServerMonitor.java:188)
	at com.mongodb.internal.connection.DefaultServerMonitor$ServerMonitorRunnable.run(DefaultServerMonitor.java:144)
	at java.lang.Thread.run(Thread.java:748)
Caused by: java.net.ConnectException: Connection refused (Connection refused)
	at java.net.PlainSocketImpl.socketConnect(Native Method)
	at java.net.AbstractPlainSocketImpl.doConnect(AbstractPlainSocketImpl.java:476)
	at java.net.AbstractPlainSocketImpl.connectToAddress(AbstractPlainSocketImpl.java:218)
	at java.net.AbstractPlainSocketImpl.connect(AbstractPlainSocketImpl.java:200)
	at java.net.SocksSocketImpl.connect(SocksSocketImpl.java:394)
	at java.net.Socket.connect(Socket.java:606)
	at com.mongodb.internal.connection.SocketStreamHelper.initialize(SocketStreamHelper.java:107)
	at com.mongodb.internal.connection.SocketStream.initializeSocket(SocketStream.java:79)
	at com.mongodb.internal.connection.SocketStream.open(SocketStream.java:65)
	... 4 common frames omitted

2021-07-18 17:59:03.202  INFO 45401 --- [main] o.s.b.w.embedded.tomcat.TomcatWebServer  : Tomcat started on port(s): 8080 (http) with context path ''
2021-07-18 17:59:03.217  INFO 45401 --- [main] io.fusion.water.order.OrderApplication   : Started OrderApplication in 3.46 seconds (JVM running for 4.146)
2021-07-18 17:59:03.219  INFO 45401 --- [main] io.fusion.water.order.OrderApplication   : Booting Order Service ..... ...Startup completed!
2021-07-18 18:00:15.832  INFO 45401 --- [http-nio-8080-exec-1] o.a.c.c.C.[Tomcat].[localhost].[/]       : Initializing Spring DispatcherServlet 'dispatcherServlet'
2021-07-18 18:00:15.832  INFO 45401 --- [http-nio-8080-exec-1] o.s.web.servlet.DispatcherServlet        : Initializing Servlet 'dispatcherServlet'
2021-07-18 18:00:15.833  INFO 45401 --- [http-nio-8080-exec-1] o.s.web.servlet.DispatcherServlet        : Completed initialization in 1 ms
2021-07-18 18:01:50.079  INFO   --- [main] io.fusion.water.order.OrderApplication   : Booting Order Service ..... ..
2021-07-18 18:01:50.645  INFO 45487 --- [main] io.fusion.water.order.OrderApplication   : Starting OrderApplication using Java 1.8.0_271 on ODC-M17 with PID 45487 (/Users/arafkarsh/Library/Mobile Documents/com~apple~CloudDocs/My_WorkSpace/Eclipse/ms-order-service/target/classes started by arafkarsh in /Users/arafkarsh/Library/Mobile Documents/com~apple~CloudDocs/My_WorkSpace/Eclipse/ms-order-service)
2021-07-18 18:01:50.646  INFO 45487 --- [main] io.fusion.water.order.OrderApplication   : No active profile set, falling back to default profiles: default
2021-07-18 18:01:51.277  INFO 45487 --- [main] .s.d.r.c.RepositoryConfigurationDelegate : Bootstrapping Spring Data MongoDB repositories in DEFAULT mode.
2021-07-18 18:01:51.289  INFO 45487 --- [main] .s.d.r.c.RepositoryConfigurationDelegate : Finished Spring Data repository scanning in 8 ms. Found 0 MongoDB repository interfaces.
2021-07-18 18:01:51.520  INFO 45487 --- [main] trationDelegate$BeanPostProcessorChecker : Bean 'org.springframework.ws.config.annotation.DelegatingWsConfiguration' of type [org.springframework.ws.config.annotation.DelegatingWsConfiguration$$EnhancerBySpringCGLIB$$7d714c84] is not eligible for getting processed by all BeanPostProcessors (for example: not eligible for auto-proxying)
2021-07-18 18:01:51.551  INFO 45487 --- [main] .w.s.a.s.AnnotationActionEndpointMapping : Supporting [WS-Addressing August 2004, WS-Addressing 1.0]
2021-07-18 18:01:51.777  INFO 45487 --- [main] o.s.b.w.embedded.tomcat.TomcatWebServer  : Tomcat initialized with port(s): 8080 (http)
2021-07-18 18:01:51.787  INFO 45487 --- [main] o.apache.catalina.core.StandardService   : Starting service [Tomcat]
2021-07-18 18:01:51.788  INFO 45487 --- [main] org.apache.catalina.core.StandardEngine  : Starting Servlet engine: [Apache Tomcat/9.0.48]
2021-07-18 18:01:51.843  INFO 45487 --- [main] o.a.c.c.C.[Tomcat].[localhost].[/]       : Initializing Spring embedded WebApplicationContext
2021-07-18 18:01:51.843  INFO 45487 --- [main] w.s.c.ServletWebServerApplicationContext : Root WebApplicationContext: initialization completed in 1118 ms
2021-07-18 18:01:52.239  INFO 45487 --- [main] org.mongodb.driver.cluster               : Cluster created with settings {hosts=[localhost:27017], mode=SINGLE, requiredClusterType=UNKNOWN, serverSelectionTimeout='30000 ms'}
2021-07-18 18:01:52.306  INFO 45487 --- [cluster-ClusterId{value='60f41f3859525f4fc5cd1e75', description='null'}-localhost:27017] org.mongodb.driver.cluster               : Exception in monitor thread while connecting to server localhost:27017

com.mongodb.MongoSocketOpenException: Exception opening socket
	at com.mongodb.internal.connection.SocketStream.open(SocketStream.java:70)
	at com.mongodb.internal.connection.InternalStreamConnection.open(InternalStreamConnection.java:143)
	at com.mongodb.internal.connection.DefaultServerMonitor$ServerMonitorRunnable.lookupServerDescription(DefaultServerMonitor.java:188)
	at com.mongodb.internal.connection.DefaultServerMonitor$ServerMonitorRunnable.run(DefaultServerMonitor.java:144)
	at java.lang.Thread.run(Thread.java:748)
Caused by: java.net.ConnectException: Connection refused (Connection refused)
	at java.net.PlainSocketImpl.socketConnect(Native Method)
	at java.net.AbstractPlainSocketImpl.doConnect(AbstractPlainSocketImpl.java:476)
	at java.net.AbstractPlainSocketImpl.connectToAddress(AbstractPlainSocketImpl.java:218)
	at java.net.AbstractPlainSocketImpl.connect(AbstractPlainSocketImpl.java:200)
	at java.net.SocksSocketImpl.connect(SocksSocketImpl.java:394)
	at java.net.Socket.connect(Socket.java:606)
	at com.mongodb.internal.connection.SocketStreamHelper.initialize(SocketStreamHelper.java:107)
	at com.mongodb.internal.connection.SocketStream.initializeSocket(SocketStream.java:79)
	at com.mongodb.internal.connection.SocketStream.open(SocketStream.java:65)
	... 4 common frames omitted

2021-07-18 18:01:52.654  INFO 45487 --- [main] o.s.b.w.embedded.tomcat.TomcatWebServer  : Tomcat started on port(s): 8080 (http) with context path ''
2021-07-18 18:01:52.672  INFO 45487 --- [main] io.fusion.water.order.OrderApplication   : Started OrderApplication in 2.402 seconds (JVM running for 2.955)
2021-07-18 18:01:52.676  INFO 45487 --- [main] io.fusion.water.order.OrderApplication   : Booting Order Service ..... ...Startup completed!
2021-07-18 18:01:58.863  INFO 45487 --- [http-nio-8080-exec-1] o.a.c.c.C.[Tomcat].[localhost].[/]       : Initializing Spring DispatcherServlet 'dispatcherServlet'
2021-07-18 18:01:58.864  INFO 45487 --- [http-nio-8080-exec-1] o.s.web.servlet.DispatcherServlet        : Initializing Servlet 'dispatcherServlet'
2021-07-18 18:01:58.865  INFO 45487 --- [http-nio-8080-exec-1] o.s.web.servlet.DispatcherServlet        : Completed initialization in 1 ms
2021-07-18 18:07:03.540  INFO   --- [main] io.fusion.water.order.OrderApplication   : Booting Order Service ..... ..
2021-07-18 18:07:04.309 ERROR 45704 --- [main] o.s.b.d.LoggingFailureAnalysisReporter   : 

***************************
APPLICATION FAILED TO START
***************************

Description:

An attempt was made to call a method that does not exist. The attempt was made from the following location:

    org.springframework.context.support.GenericApplicationContext.setApplicationStartup(GenericApplicationContext.java:165)

The following method did not exist:

    org.springframework.beans.factory.support.DefaultListableBeanFactory.setApplicationStartup(Lorg/springframework/core/metrics/ApplicationStartup;)V

The method's class, org.springframework.beans.factory.support.DefaultListableBeanFactory, is available from the following locations:

    jar:file:/Users/arafkarsh/.m2/repository/org/springframework/spring-beans/5.2.6.RELEASE/spring-beans-5.2.6.RELEASE.jar!/org/springframework/beans/factory/support/DefaultListableBeanFactory.class

The class hierarchy was loaded from the following locations:

    org.springframework.beans.factory.support.DefaultListableBeanFactory: file:/Users/arafkarsh/.m2/repository/org/springframework/spring-beans/5.2.6.RELEASE/spring-beans-5.2.6.RELEASE.jar
    org.springframework.beans.factory.support.AbstractAutowireCapableBeanFactory: file:/Users/arafkarsh/.m2/repository/org/springframework/spring-beans/5.2.6.RELEASE/spring-beans-5.2.6.RELEASE.jar
    org.springframework.beans.factory.support.AbstractBeanFactory: file:/Users/arafkarsh/.m2/repository/org/springframework/spring-beans/5.2.6.RELEASE/spring-beans-5.2.6.RELEASE.jar
    org.springframework.beans.factory.support.FactoryBeanRegistrySupport: file:/Users/arafkarsh/.m2/repository/org/springframework/spring-beans/5.2.6.RELEASE/spring-beans-5.2.6.RELEASE.jar
    org.springframework.beans.factory.support.DefaultSingletonBeanRegistry: file:/Users/arafkarsh/.m2/repository/org/springframework/spring-beans/5.2.6.RELEASE/spring-beans-5.2.6.RELEASE.jar
    org.springframework.core.SimpleAliasRegistry: file:/Users/arafkarsh/.m2/repository/org/springframework/spring-core/5.3.8/spring-core-5.3.8.jar


Action:

Correct the classpath of your application so that it contains a single, compatible version of org.springframework.beans.factory.support.DefaultListableBeanFactory

2021-07-18 18:09:27.809  INFO   --- [main] io.fusion.water.order.OrderApplication   : Booting Order Service ..... ..
2021-07-18 18:09:29.668  INFO 45785 --- [main] io.fusion.water.order.OrderApplication   : Starting OrderApplication using Java 1.8.0_271 on ODC-M17 with PID 45785 (/Users/arafkarsh/Library/Mobile Documents/com~apple~CloudDocs/My_WorkSpace/Eclipse/ms-order-service/target/classes started by arafkarsh in /Users/arafkarsh/Library/Mobile Documents/com~apple~CloudDocs/My_WorkSpace/Eclipse/ms-order-service)
2021-07-18 18:09:29.669  INFO 45785 --- [main] io.fusion.water.order.OrderApplication   : No active profile set, falling back to default profiles: default
2021-07-18 18:09:30.784  INFO 45785 --- [main] .s.d.r.c.RepositoryConfigurationDelegate : Bootstrapping Spring Data MongoDB repositories in DEFAULT mode.
2021-07-18 18:09:30.801  INFO 45785 --- [main] .s.d.r.c.RepositoryConfigurationDelegate : Finished Spring Data repository scanning in 10 ms. Found 0 MongoDB repository interfaces.
2021-07-18 18:09:31.129  INFO 45785 --- [main] trationDelegate$BeanPostProcessorChecker : Bean 'org.springframework.ws.config.annotation.DelegatingWsConfiguration' of type [org.springframework.ws.config.annotation.DelegatingWsConfiguration$$EnhancerBySpringCGLIB$$7d714c84] is not eligible for getting processed by all BeanPostProcessors (for example: not eligible for auto-proxying)
2021-07-18 18:09:31.247  INFO 45785 --- [main] .w.s.a.s.AnnotationActionEndpointMapping : Supporting [WS-Addressing August 2004, WS-Addressing 1.0]
2021-07-18 18:09:31.737  INFO 45785 --- [main] o.s.b.w.embedded.tomcat.TomcatWebServer  : Tomcat initialized with port(s): 8080 (http)
2021-07-18 18:09:31.751  INFO 45785 --- [main] o.apache.catalina.core.StandardService   : Starting service [Tomcat]
2021-07-18 18:09:31.752  INFO 45785 --- [main] org.apache.catalina.core.StandardEngine  : Starting Servlet engine: [Apache Tomcat/9.0.48]
2021-07-18 18:09:31.869  INFO 45785 --- [main] o.a.c.c.C.[Tomcat].[localhost].[/]       : Initializing Spring embedded WebApplicationContext
2021-07-18 18:09:31.870  INFO 45785 --- [main] w.s.c.ServletWebServerApplicationContext : Root WebApplicationContext: initialization completed in 2106 ms
2021-07-18 18:09:32.452  INFO 45785 --- [main] org.mongodb.driver.cluster               : Cluster created with settings {hosts=[localhost:27017], mode=SINGLE, requiredClusterType=UNKNOWN, serverSelectionTimeout='30000 ms'}
2021-07-18 18:09:32.526  INFO 45785 --- [cluster-ClusterId{value='60f421041c191b0b008766f1', description='null'}-localhost:27017] org.mongodb.driver.cluster               : Exception in monitor thread while connecting to server localhost:27017

com.mongodb.MongoSocketOpenException: Exception opening socket
	at com.mongodb.internal.connection.SocketStream.open(SocketStream.java:70)
	at com.mongodb.internal.connection.InternalStreamConnection.open(InternalStreamConnection.java:143)
	at com.mongodb.internal.connection.DefaultServerMonitor$ServerMonitorRunnable.lookupServerDescription(DefaultServerMonitor.java:188)
	at com.mongodb.internal.connection.DefaultServerMonitor$ServerMonitorRunnable.run(DefaultServerMonitor.java:144)
	at java.lang.Thread.run(Thread.java:748)
Caused by: java.net.ConnectException: Connection refused (Connection refused)
	at java.net.PlainSocketImpl.socketConnect(Native Method)
	at java.net.AbstractPlainSocketImpl.doConnect(AbstractPlainSocketImpl.java:476)
	at java.net.AbstractPlainSocketImpl.connectToAddress(AbstractPlainSocketImpl.java:218)
	at java.net.AbstractPlainSocketImpl.connect(AbstractPlainSocketImpl.java:200)
	at java.net.SocksSocketImpl.connect(SocksSocketImpl.java:394)
	at java.net.Socket.connect(Socket.java:606)
	at com.mongodb.internal.connection.SocketStreamHelper.initialize(SocketStreamHelper.java:107)
	at com.mongodb.internal.connection.SocketStream.initializeSocket(SocketStream.java:79)
	at com.mongodb.internal.connection.SocketStream.open(SocketStream.java:65)
	... 4 common frames omitted

2021-07-18 18:09:32.981  INFO 45785 --- [main] o.s.b.w.embedded.tomcat.TomcatWebServer  : Tomcat started on port(s): 8080 (http) with context path ''
2021-07-18 18:09:32.996  INFO 45785 --- [main] io.fusion.water.order.OrderApplication   : Started OrderApplication in 4.738 seconds (JVM running for 5.836)
2021-07-18 18:09:33.000  INFO 45785 --- [main] io.fusion.water.order.OrderApplication   : Booting Order Service ..... ...Startup completed!
2021-07-18 18:17:21.599  INFO   --- [main] io.fusion.water.order.OrderApplication   : Booting Order Service ..... ..
2021-07-18 18:17:22.438  INFO 45997 --- [main] io.fusion.water.order.OrderApplication   : Starting OrderApplication using Java 1.8.0_271 on ODC-M17 with PID 45997 (/Users/arafkarsh/Library/Mobile Documents/com~apple~CloudDocs/My_WorkSpace/Eclipse/ms-order-service/target/classes started by arafkarsh in /Users/arafkarsh/Library/Mobile Documents/com~apple~CloudDocs/My_WorkSpace/Eclipse/ms-order-service)
2021-07-18 18:17:22.439  INFO 45997 --- [main] io.fusion.water.order.OrderApplication   : No active profile set, falling back to default profiles: default
2021-07-18 18:17:23.270  INFO 45997 --- [main] .s.d.r.c.RepositoryConfigurationDelegate : Bootstrapping Spring Data MongoDB repositories in DEFAULT mode.
2021-07-18 18:17:23.296  INFO 45997 --- [main] .s.d.r.c.RepositoryConfigurationDelegate : Finished Spring Data repository scanning in 19 ms. Found 0 MongoDB repository interfaces.
2021-07-18 18:17:23.560  INFO 45997 --- [main] trationDelegate$BeanPostProcessorChecker : Bean 'org.springframework.ws.config.annotation.DelegatingWsConfiguration' of type [org.springframework.ws.config.annotation.DelegatingWsConfiguration$$EnhancerBySpringCGLIB$$667907d8] is not eligible for getting processed by all BeanPostProcessors (for example: not eligible for auto-proxying)
2021-07-18 18:17:23.600  INFO 45997 --- [main] .w.s.a.s.AnnotationActionEndpointMapping : Supporting [WS-Addressing August 2004, WS-Addressing 1.0]
2021-07-18 18:17:23.888  INFO 45997 --- [main] o.s.b.w.embedded.tomcat.TomcatWebServer  : Tomcat initialized with port(s): 8080 (http)
2021-07-18 18:17:23.900  INFO 45997 --- [main] o.apache.catalina.core.StandardService   : Starting service [Tomcat]
2021-07-18 18:17:23.901  INFO 45997 --- [main] org.apache.catalina.core.StandardEngine  : Starting Servlet engine: [Apache Tomcat/9.0.48]
2021-07-18 18:17:24.007  INFO 45997 --- [main] o.a.c.c.C.[Tomcat].[localhost].[/]       : Initializing Spring embedded WebApplicationContext
2021-07-18 18:17:24.008  INFO 45997 --- [main] w.s.c.ServletWebServerApplicationContext : Root WebApplicationContext: initialization completed in 1464 ms
2021-07-18 18:17:24.497  INFO 45997 --- [main] org.mongodb.driver.cluster               : Cluster created with settings {hosts=[localhost:27017], mode=SINGLE, requiredClusterType=UNKNOWN, serverSelectionTimeout='30000 ms'}
2021-07-18 18:17:24.563  INFO 45997 --- [cluster-ClusterId{value='60f422dcbe0bda42b20fdfb8', description='null'}-localhost:27017] org.mongodb.driver.cluster               : Exception in monitor thread while connecting to server localhost:27017

com.mongodb.MongoSocketOpenException: Exception opening socket
	at com.mongodb.internal.connection.SocketStream.open(SocketStream.java:70)
	at com.mongodb.internal.connection.InternalStreamConnection.open(InternalStreamConnection.java:143)
	at com.mongodb.internal.connection.DefaultServerMonitor$ServerMonitorRunnable.lookupServerDescription(DefaultServerMonitor.java:188)
	at com.mongodb.internal.connection.DefaultServerMonitor$ServerMonitorRunnable.run(DefaultServerMonitor.java:144)
	at java.lang.Thread.run(Thread.java:748)
Caused by: java.net.ConnectException: Connection refused (Connection refused)
	at java.net.PlainSocketImpl.socketConnect(Native Method)
	at java.net.AbstractPlainSocketImpl.doConnect(AbstractPlainSocketImpl.java:476)
	at java.net.AbstractPlainSocketImpl.connectToAddress(AbstractPlainSocketImpl.java:218)
	at java.net.AbstractPlainSocketImpl.connect(AbstractPlainSocketImpl.java:200)
	at java.net.SocksSocketImpl.connect(SocksSocketImpl.java:394)
	at java.net.Socket.connect(Socket.java:606)
	at com.mongodb.internal.connection.SocketStreamHelper.initialize(SocketStreamHelper.java:107)
	at com.mongodb.internal.connection.SocketStream.initializeSocket(SocketStream.java:79)
	at com.mongodb.internal.connection.SocketStream.open(SocketStream.java:65)
	... 4 common frames omitted

2021-07-18 18:17:24.944  INFO 45997 --- [main] o.s.b.w.embedded.tomcat.TomcatWebServer  : Tomcat started on port(s): 8080 (http) with context path ''
2021-07-18 18:17:24.956  INFO 45997 --- [main] io.fusion.water.order.OrderApplication   : Started OrderApplication in 3.043 seconds (JVM running for 3.801)
2021-07-18 18:17:24.958  INFO 45997 --- [main] io.fusion.water.order.OrderApplication   : Booting Order Service ..... ...Startup completed!
2021-07-18 18:18:03.484  INFO 45997 --- [http-nio-8080-exec-1] o.a.c.c.C.[Tomcat].[localhost].[/]       : Initializing Spring DispatcherServlet 'dispatcherServlet'
2021-07-18 18:18:03.485  INFO 45997 --- [http-nio-8080-exec-1] o.s.web.servlet.DispatcherServlet        : Initializing Servlet 'dispatcherServlet'
2021-07-18 18:18:03.486  INFO 45997 --- [http-nio-8080-exec-1] o.s.web.servlet.DispatcherServlet        : Completed initialization in 1 ms
